<?xml version="1.0" encoding="UTF-8"?>
<coverage generated="1654879903667" clover="3.2.0">
  <project timestamp="1654879903667" name="All files">
    <metrics statements="39" coveredstatements="39" conditionals="10" coveredconditionals="8" methods="22" coveredmethods="22" elements="71" coveredelements="69" complexity="0" loc="39" ncloc="39" packages="5" files="5" classes="5"/>
    <package name="dist.Modules.InputProcessor">
      <metrics statements="12" coveredstatements="12" conditionals="9" coveredconditionals="7" methods="6" coveredmethods="6"/>
      <file name="InputProcessor.js" path="C:\JavaScript\CLCalculator\dist\Modules\InputProcessor\InputProcessor.js">
        <metrics statements="12" coveredstatements="12" conditionals="9" coveredconditionals="7" methods="6" coveredmethods="6"/>
        <line num="2" count="1" type="cond" truecount="3" falsecount="0"/>
        <line num="3" count="1" type="cond" truecount="3" falsecount="1"/>
        <line num="5" count="1" type="stmt"/>
        <line num="6" count="1" type="stmt"/>
        <line num="9" count="4" type="stmt"/>
        <line num="12" count="3" type="stmt"/>
        <line num="13" count="3" type="stmt"/>
        <line num="16" count="2" type="stmt"/>
        <line num="19" count="1" type="cond" truecount="1" falsecount="1"/>
        <line num="20" count="1" type="stmt"/>
        <line num="23" count="3" type="stmt"/>
        <line num="26" count="1" type="stmt"/>
      </file>
    </package>
    <package name="dist.Modules.OutputProcessor">
      <metrics statements="7" coveredstatements="7" conditionals="0" coveredconditionals="0" methods="4" coveredmethods="4"/>
      <file name="OutputProcessor.js" path="C:\JavaScript\CLCalculator\dist\Modules\OutputProcessor\OutputProcessor.js">
        <metrics statements="7" coveredstatements="7" conditionals="0" coveredconditionals="0" methods="4" coveredmethods="4"/>
        <line num="2" count="1" type="stmt"/>
        <line num="5" count="3" type="stmt"/>
        <line num="6" count="3" type="stmt"/>
        <line num="9" count="2" type="stmt"/>
        <line num="12" count="1" type="stmt"/>
        <line num="15" count="1" type="stmt"/>
        <line num="18" count="1" type="stmt"/>
      </file>
    </package>
    <package name="dist.Modules.Parser">
      <metrics statements="6" coveredstatements="6" conditionals="0" coveredconditionals="0" methods="3" coveredmethods="3"/>
      <file name="Parser.js" path="C:\JavaScript\CLCalculator\dist\Modules\Parser\Parser.js">
        <metrics statements="6" coveredstatements="6" conditionals="0" coveredconditionals="0" methods="3" coveredmethods="3"/>
        <line num="2" count="1" type="stmt"/>
        <line num="3" count="1" type="stmt"/>
        <line num="6" count="1" type="stmt"/>
        <line num="9" count="1" type="stmt"/>
        <line num="12" count="1" type="stmt"/>
        <line num="15" count="1" type="stmt"/>
      </file>
    </package>
    <package name="src.Modules.InputProcessor">
      <metrics statements="8" coveredstatements="8" conditionals="1" coveredconditionals="1" methods="5" coveredmethods="5"/>
      <file name="InputProcessor.ts" path="C:\JavaScript\CLCalculator\src\Modules\InputProcessor\InputProcessor.ts">
        <metrics statements="8" coveredstatements="8" conditionals="1" coveredconditionals="1" methods="5" coveredmethods="5"/>
        <line num="1" count="1" type="stmt"/>
        <line num="3" count="1" type="stmt"/>
        <line num="8" count="4" type="stmt"/>
        <line num="12" count="3" type="stmt"/>
        <line num="13" count="3" type="stmt"/>
        <line num="17" count="2" type="stmt"/>
        <line num="21" count="1" type="cond" truecount="1" falsecount="0"/>
        <line num="25" count="3" type="stmt"/>
      </file>
    </package>
    <package name="src.Modules.OutputProcessor">
      <metrics statements="6" coveredstatements="6" conditionals="0" coveredconditionals="0" methods="4" coveredmethods="4"/>
      <file name="OutputProcessor.ts" path="C:\JavaScript\CLCalculator\src\Modules\OutputProcessor\OutputProcessor.ts">
        <metrics statements="6" coveredstatements="6" conditionals="0" coveredconditionals="0" methods="4" coveredmethods="4"/>
        <line num="1" count="1" type="stmt"/>
        <line num="7" count="3" type="stmt"/>
        <line num="8" count="3" type="stmt"/>
        <line num="12" count="2" type="stmt"/>
        <line num="16" count="1" type="stmt"/>
        <line num="20" count="1" type="stmt"/>
      </file>
    </package>
  </project>
</coverage>
