<?xml version="1.0" encoding="UTF-8"?>
<coverage generated="1654863884236" clover="3.2.0">
  <project timestamp="1654863884236" name="All files">
    <metrics statements="28" coveredstatements="28" conditionals="10" coveredconditionals="9" methods="14" coveredmethods="14" elements="52" coveredelements="51" complexity="0" loc="28" ncloc="28" packages="3" files="3" classes="3"/>
    <package name="dist.Modules.InputProcessor">
      <metrics statements="13" coveredstatements="13" conditionals="9" coveredconditionals="8" methods="6" coveredmethods="6"/>
      <file name="InputProcessor.js" path="C:\JavaScript\CLCalculator\dist\Modules\InputProcessor\InputProcessor.js">
        <metrics statements="13" coveredstatements="13" conditionals="9" coveredconditionals="8" methods="6" coveredmethods="6"/>
        <line num="2" count="1" type="cond" truecount="3" falsecount="0"/>
        <line num="3" count="1" type="cond" truecount="3" falsecount="1"/>
        <line num="5" count="1" type="stmt"/>
        <line num="6" count="1" type="stmt"/>
        <line num="9" count="4" type="stmt"/>
        <line num="12" count="4" type="stmt"/>
        <line num="13" count="4" type="stmt"/>
        <line num="14" count="4" type="stmt"/>
        <line num="17" count="2" type="stmt"/>
        <line num="20" count="4" type="cond" truecount="2" falsecount="0"/>
        <line num="21" count="1" type="stmt"/>
        <line num="24" count="4" type="stmt"/>
        <line num="27" count="1" type="stmt"/>
      </file>
    </package>
    <package name="dist.Modules.Parser">
      <metrics statements="6" coveredstatements="6" conditionals="0" coveredconditionals="0" methods="3" coveredmethods="3"/>
      <file name="Parser.js" path="C:\JavaScript\CLCalculator\dist\Modules\Parser\Parser.js">
        <metrics statements="6" coveredstatements="6" conditionals="0" coveredconditionals="0" methods="3" coveredmethods="3"/>
        <line num="2" count="1" type="stmt"/>
        <line num="3" count="1" type="stmt"/>
        <line num="6" count="1" type="stmt"/>
        <line num="9" count="1" type="stmt"/>
        <line num="12" count="1" type="stmt"/>
        <line num="15" count="1" type="stmt"/>
      </file>
    </package>
    <package name="src.Modules.InputProcessor">
      <metrics statements="9" coveredstatements="9" conditionals="1" coveredconditionals="1" methods="5" coveredmethods="5"/>
      <file name="InputProcessor.ts" path="C:\JavaScript\CLCalculator\src\Modules\InputProcessor\InputProcessor.ts">
        <metrics statements="9" coveredstatements="9" conditionals="1" coveredconditionals="1" methods="5" coveredmethods="5"/>
        <line num="1" count="1" type="stmt"/>
        <line num="3" count="1" type="stmt"/>
        <line num="8" count="4" type="stmt"/>
        <line num="12" count="4" type="stmt"/>
        <line num="13" count="4" type="stmt"/>
        <line num="14" count="4" type="stmt"/>
        <line num="18" count="2" type="stmt"/>
        <line num="22" count="4" type="cond" truecount="1" falsecount="0"/>
        <line num="26" count="4" type="stmt"/>
      </file>
    </package>
  </project>
</coverage>
