{"C:\\JavaScript\\CLCalculator\\dist\\Modules\\InputProcessor\\InputProcessor.js": {"path":"C:\\JavaScript\\CLCalculator\\dist\\Modules\\InputProcessor\\InputProcessor.js","statementMap":{"0":{"start":{"line":2,"column":22},"end":{"line":4,"column":1}},"1":{"start":{"line":3,"column":4},"end":{"line":3,"column":62}},"2":{"start":{"line":5,"column":0},"end":{"line":5,"column":62}},"3":{"start":{"line":6,"column":24},"end":{"line":6,"column":65}},"4":{"start":{"line":9,"column":8},"end":{"line":9,"column":24}},"5":{"start":{"line":12,"column":23},"end":{"line":12,"column":81}},"6":{"start":{"line":13,"column":8},"end":{"line":13,"column":30}},"7":{"start":{"line":14,"column":8},"end":{"line":14,"column":26}},"8":{"start":{"line":17,"column":8},"end":{"line":17,"column":26}},"9":{"start":{"line":20,"column":8},"end":{"line":21,"column":23}},"10":{"start":{"line":21,"column":12},"end":{"line":21,"column":23}},"11":{"start":{"line":24,"column":8},"end":{"line":24,"column":27}},"12":{"start":{"line":27,"column":8},"end":{"line":27,"column":52}},"13":{"start":{"line":30,"column":0},"end":{"line":30,"column":33}}},"fnMap":{"0":{"name":"(anonymous_0)","decl":{"start":{"line":2,"column":56},"end":{"line":2,"column":57}},"loc":{"start":{"line":2,"column":71},"end":{"line":4,"column":1}},"line":2},"1":{"name":"(anonymous_1)","decl":{"start":{"line":8,"column":4},"end":{"line":8,"column":5}},"loc":{"start":{"line":8,"column":18},"end":{"line":10,"column":5}},"line":8},"2":{"name":"(anonymous_2)","decl":{"start":{"line":11,"column":4},"end":{"line":11,"column":5}},"loc":{"start":{"line":11,"column":10},"end":{"line":15,"column":5}},"line":11},"3":{"name":"(anonymous_3)","decl":{"start":{"line":16,"column":4},"end":{"line":16,"column":5}},"loc":{"start":{"line":16,"column":15},"end":{"line":18,"column":5}},"line":16},"4":{"name":"(anonymous_4)","decl":{"start":{"line":19,"column":4},"end":{"line":19,"column":5}},"loc":{"start":{"line":19,"column":19},"end":{"line":22,"column":5}},"line":19},"5":{"name":"(anonymous_5)","decl":{"start":{"line":23,"column":4},"end":{"line":23,"column":5}},"loc":{"start":{"line":23,"column":20},"end":{"line":25,"column":5}},"line":23},"6":{"name":"(anonymous_6)","decl":{"start":{"line":26,"column":4},"end":{"line":26,"column":5}},"loc":{"start":{"line":26,"column":17},"end":{"line":28,"column":5}},"line":26}},"branchMap":{"0":{"loc":{"start":{"line":2,"column":22},"end":{"line":4,"column":1}},"type":"binary-expr","locations":[{"start":{"line":2,"column":23},"end":{"line":2,"column":27}},{"start":{"line":2,"column":31},"end":{"line":2,"column":51}},{"start":{"line":2,"column":56},"end":{"line":4,"column":1}}],"line":2},"1":{"loc":{"start":{"line":3,"column":11},"end":{"line":3,"column":61}},"type":"cond-expr","locations":[{"start":{"line":3,"column":37},"end":{"line":3,"column":40}},{"start":{"line":3,"column":43},"end":{"line":3,"column":61}}],"line":3},"2":{"loc":{"start":{"line":3,"column":12},"end":{"line":3,"column":33}},"type":"binary-expr","locations":[{"start":{"line":3,"column":12},"end":{"line":3,"column":15}},{"start":{"line":3,"column":19},"end":{"line":3,"column":33}}],"line":3},"3":{"loc":{"start":{"line":20,"column":8},"end":{"line":21,"column":23}},"type":"if","locations":[{"start":{"line":20,"column":8},"end":{"line":21,"column":23}},{"start":{},"end":{}}],"line":20}},"s":{"0":1,"1":1,"2":1,"3":1,"4":5,"5":4,"6":4,"7":4,"8":3,"9":1,"10":1,"11":4,"12":4,"13":1},"f":{"0":1,"1":5,"2":4,"3":3,"4":1,"5":4,"6":4},"b":{"0":[1,1,1],"1":[0,1],"2":[1,1],"3":[1,0]},"inputSourceMap":null,"_coverageSchema":"1a1c01bbd47fc00a2c39e90264f33305004495a9","hash":"6f1b67f547625c9393e73f3f0b01984c848108b3"}
,"C:\\JavaScript\\CLCalculator\\dist\\Modules\\InputValidator\\InputValidator.js": {"path":"C:\\JavaScript\\CLCalculator\\dist\\Modules\\InputValidator\\InputValidator.js","statementMap":{"0":{"start":{"line":2,"column":22},"end":{"line":4,"column":1}},"1":{"start":{"line":3,"column":4},"end":{"line":3,"column":62}},"2":{"start":{"line":5,"column":0},"end":{"line":5,"column":62}},"3":{"start":{"line":6,"column":24},"end":{"line":6,"column":84}},"4":{"start":{"line":9,"column":8},"end":{"line":9,"column":24}},"5":{"start":{"line":12,"column":8},"end":{"line":12,"column":37}},"6":{"start":{"line":13,"column":8},"end":{"line":13,"column":33}},"7":{"start":{"line":14,"column":8},"end":{"line":14,"column":35}},"8":{"start":{"line":17,"column":8},"end":{"line":17,"column":26}},"9":{"start":{"line":20,"column":31},"end":{"line":20,"column":32}},"10":{"start":{"line":21,"column":31},"end":{"line":21,"column":51}},"11":{"start":{"line":22,"column":8},"end":{"line":29,"column":11}},"12":{"start":{"line":23,"column":12},"end":{"line":26,"column":35}},"13":{"start":{"line":24,"column":16},"end":{"line":24,"column":35}},"14":{"start":{"line":26,"column":16},"end":{"line":26,"column":35}},"15":{"start":{"line":27,"column":12},"end":{"line":28,"column":60}},"16":{"start":{"line":28,"column":16},"end":{"line":28,"column":60}},"17":{"start":{"line":30,"column":8},"end":{"line":32,"column":9}},"18":{"start":{"line":31,"column":12},"end":{"line":31,"column":56}},"19":{"start":{"line":33,"column":8},"end":{"line":34,"column":19}},"20":{"start":{"line":34,"column":12},"end":{"line":34,"column":19}},"21":{"start":{"line":35,"column":8},"end":{"line":40,"column":15}},"22":{"start":{"line":36,"column":12},"end":{"line":38,"column":13}},"23":{"start":{"line":37,"column":16},"end":{"line":37,"column":63}},"24":{"start":{"line":39,"column":12},"end":{"line":39,"column":27}},"25":{"start":{"line":43,"column":8},"end":{"line":50,"column":11}},"26":{"start":{"line":44,"column":29},"end":{"line":44,"column":45}},"27":{"start":{"line":45,"column":32},"end":{"line":45,"column":91}},"28":{"start":{"line":45,"column":73},"end":{"line":45,"column":90}},"29":{"start":{"line":46,"column":27},"end":{"line":46,"column":43}},"30":{"start":{"line":47,"column":12},"end":{"line":49,"column":13}},"31":{"start":{"line":48,"column":16},"end":{"line":48,"column":76}},"32":{"start":{"line":51,"column":8},"end":{"line":52,"column":19}},"33":{"start":{"line":52,"column":12},"end":{"line":52,"column":19}},"34":{"start":{"line":53,"column":31},"end":{"line":53,"column":32}},"35":{"start":{"line":54,"column":8},"end":{"line":65,"column":11}},"36":{"start":{"line":55,"column":32},"end":{"line":55,"column":91}},"37":{"start":{"line":55,"column":73},"end":{"line":55,"column":90}},"38":{"start":{"line":56,"column":12},"end":{"line":61,"column":13}},"39":{"start":{"line":57,"column":16},"end":{"line":57,"column":35}},"40":{"start":{"line":60,"column":16},"end":{"line":60,"column":37}},"41":{"start":{"line":62,"column":12},"end":{"line":64,"column":13}},"42":{"start":{"line":63,"column":16},"end":{"line":63,"column":67}},"43":{"start":{"line":68,"column":35},"end":{"line":68,"column":60}},"44":{"start":{"line":69,"column":8},"end":{"line":71,"column":9}},"45":{"start":{"line":70,"column":12},"end":{"line":70,"column":67}},"46":{"start":{"line":72,"column":32},"end":{"line":72,"column":60}},"47":{"start":{"line":73,"column":8},"end":{"line":75,"column":9}},"48":{"start":{"line":74,"column":12},"end":{"line":74,"column":67}},"49":{"start":{"line":78,"column":0},"end":{"line":78,"column":33}}},"fnMap":{"0":{"name":"(anonymous_0)","decl":{"start":{"line":2,"column":56},"end":{"line":2,"column":57}},"loc":{"start":{"line":2,"column":71},"end":{"line":4,"column":1}},"line":2},"1":{"name":"(anonymous_1)","decl":{"start":{"line":8,"column":4},"end":{"line":8,"column":5}},"loc":{"start":{"line":8,"column":18},"end":{"line":10,"column":5}},"line":8},"2":{"name":"(anonymous_2)","decl":{"start":{"line":11,"column":4},"end":{"line":11,"column":5}},"loc":{"start":{"line":11,"column":20},"end":{"line":15,"column":5}},"line":11},"3":{"name":"(anonymous_3)","decl":{"start":{"line":16,"column":4},"end":{"line":16,"column":5}},"loc":{"start":{"line":16,"column":26},"end":{"line":18,"column":5}},"line":16},"4":{"name":"(anonymous_4)","decl":{"start":{"line":19,"column":4},"end":{"line":19,"column":5}},"loc":{"start":{"line":19,"column":28},"end":{"line":41,"column":5}},"line":19},"5":{"name":"(anonymous_5)","decl":{"start":{"line":22,"column":34},"end":{"line":22,"column":35}},"loc":{"start":{"line":22,"column":42},"end":{"line":29,"column":9}},"line":22},"6":{"name":"(anonymous_6)","decl":{"start":{"line":35,"column":33},"end":{"line":35,"column":34}},"loc":{"start":{"line":35,"column":52},"end":{"line":40,"column":9}},"line":35},"7":{"name":"(anonymous_7)","decl":{"start":{"line":42,"column":4},"end":{"line":42,"column":5}},"loc":{"start":{"line":42,"column":24},"end":{"line":66,"column":5}},"line":42},"8":{"name":"(anonymous_8)","decl":{"start":{"line":43,"column":34},"end":{"line":43,"column":35}},"loc":{"start":{"line":43,"column":44},"end":{"line":50,"column":9}},"line":43},"9":{"name":"(anonymous_9)","decl":{"start":{"line":45,"column":61},"end":{"line":45,"column":62}},"loc":{"start":{"line":45,"column":73},"end":{"line":45,"column":90}},"line":45},"10":{"name":"(anonymous_10)","decl":{"start":{"line":54,"column":34},"end":{"line":54,"column":35}},"loc":{"start":{"line":54,"column":44},"end":{"line":65,"column":9}},"line":54},"11":{"name":"(anonymous_11)","decl":{"start":{"line":55,"column":61},"end":{"line":55,"column":62}},"loc":{"start":{"line":55,"column":73},"end":{"line":55,"column":90}},"line":55},"12":{"name":"(anonymous_12)","decl":{"start":{"line":67,"column":4},"end":{"line":67,"column":5}},"loc":{"start":{"line":67,"column":26},"end":{"line":76,"column":5}},"line":67}},"branchMap":{"0":{"loc":{"start":{"line":2,"column":22},"end":{"line":4,"column":1}},"type":"binary-expr","locations":[{"start":{"line":2,"column":23},"end":{"line":2,"column":27}},{"start":{"line":2,"column":31},"end":{"line":2,"column":51}},{"start":{"line":2,"column":56},"end":{"line":4,"column":1}}],"line":2},"1":{"loc":{"start":{"line":3,"column":11},"end":{"line":3,"column":61}},"type":"cond-expr","locations":[{"start":{"line":3,"column":37},"end":{"line":3,"column":40}},{"start":{"line":3,"column":43},"end":{"line":3,"column":61}}],"line":3},"2":{"loc":{"start":{"line":3,"column":12},"end":{"line":3,"column":33}},"type":"binary-expr","locations":[{"start":{"line":3,"column":12},"end":{"line":3,"column":15}},{"start":{"line":3,"column":19},"end":{"line":3,"column":33}}],"line":3},"3":{"loc":{"start":{"line":23,"column":12},"end":{"line":26,"column":35}},"type":"if","locations":[{"start":{"line":23,"column":12},"end":{"line":26,"column":35}},{"start":{"line":26,"column":16},"end":{"line":26,"column":35}}],"line":23},"4":{"loc":{"start":{"line":27,"column":12},"end":{"line":28,"column":60}},"type":"if","locations":[{"start":{"line":27,"column":12},"end":{"line":28,"column":60}},{"start":{},"end":{}}],"line":27},"5":{"loc":{"start":{"line":30,"column":8},"end":{"line":32,"column":9}},"type":"if","locations":[{"start":{"line":30,"column":8},"end":{"line":32,"column":9}},{"start":{},"end":{}}],"line":30},"6":{"loc":{"start":{"line":33,"column":8},"end":{"line":34,"column":19}},"type":"if","locations":[{"start":{"line":33,"column":8},"end":{"line":34,"column":19}},{"start":{},"end":{}}],"line":33},"7":{"loc":{"start":{"line":36,"column":12},"end":{"line":38,"column":13}},"type":"if","locations":[{"start":{"line":36,"column":12},"end":{"line":38,"column":13}},{"start":{},"end":{}}],"line":36},"8":{"loc":{"start":{"line":36,"column":16},"end":{"line":36,"column":47}},"type":"binary-expr","locations":[{"start":{"line":36,"column":16},"end":{"line":36,"column":28}},{"start":{"line":36,"column":32},"end":{"line":36,"column":47}}],"line":36},"9":{"loc":{"start":{"line":47,"column":12},"end":{"line":49,"column":13}},"type":"if","locations":[{"start":{"line":47,"column":12},"end":{"line":49,"column":13}},{"start":{},"end":{}}],"line":47},"10":{"loc":{"start":{"line":47,"column":16},"end":{"line":47,"column":58}},"type":"binary-expr","locations":[{"start":{"line":47,"column":16},"end":{"line":47,"column":27}},{"start":{"line":47,"column":31},"end":{"line":47,"column":45}},{"start":{"line":47,"column":49},"end":{"line":47,"column":58}}],"line":47},"11":{"loc":{"start":{"line":51,"column":8},"end":{"line":52,"column":19}},"type":"if","locations":[{"start":{"line":51,"column":8},"end":{"line":52,"column":19}},{"start":{},"end":{}}],"line":51},"12":{"loc":{"start":{"line":56,"column":12},"end":{"line":61,"column":13}},"type":"if","locations":[{"start":{"line":56,"column":12},"end":{"line":61,"column":13}},{"start":{"line":59,"column":17},"end":{"line":61,"column":13}}],"line":56},"13":{"loc":{"start":{"line":56,"column":16},"end":{"line":56,"column":59}},"type":"binary-expr","locations":[{"start":{"line":56,"column":16},"end":{"line":56,"column":29}},{"start":{"line":56,"column":33},"end":{"line":56,"column":44}},{"start":{"line":56,"column":48},"end":{"line":56,"column":59}}],"line":56},"14":{"loc":{"start":{"line":62,"column":12},"end":{"line":64,"column":13}},"type":"if","locations":[{"start":{"line":62,"column":12},"end":{"line":64,"column":13}},{"start":{},"end":{}}],"line":62},"15":{"loc":{"start":{"line":69,"column":8},"end":{"line":71,"column":9}},"type":"if","locations":[{"start":{"line":69,"column":8},"end":{"line":71,"column":9}},{"start":{},"end":{}}],"line":69},"16":{"loc":{"start":{"line":73,"column":8},"end":{"line":75,"column":9}},"type":"if","locations":[{"start":{"line":73,"column":8},"end":{"line":75,"column":9}},{"start":{},"end":{}}],"line":73}},"s":{"0":1,"1":1,"2":1,"3":1,"4":10,"5":9,"6":9,"7":9,"8":10,"9":9,"10":9,"11":9,"12":24,"13":12,"14":12,"15":24,"16":3,"17":9,"18":2,"19":9,"20":3,"21":6,"22":77,"23":1,"24":77,"25":9,"26":104,"27":104,"28":524,"29":104,"30":104,"31":1,"32":9,"33":5,"34":4,"35":4,"36":53,"37":277,"38":53,"39":11,"40":42,"41":53,"42":1,"43":9,"44":9,"45":1,"46":9,"47":9,"48":2,"49":1},"f":{"0":1,"1":10,"2":9,"3":10,"4":9,"5":24,"6":77,"7":9,"8":104,"9":524,"10":53,"11":277,"12":9},"b":{"0":[1,1,1],"1":[1,0],"2":[1,1],"3":[12,12],"4":[3,21],"5":[2,7],"6":[3,6],"7":[1,76],"8":[77,6],"9":[1,103],"10":[104,61,13],"11":[5,4],"12":[11,42],"13":[53,19,15],"14":[1,52],"15":[1,8],"16":[2,7]},"inputSourceMap":null,"_coverageSchema":"1a1c01bbd47fc00a2c39e90264f33305004495a9","hash":"4936059282740cc454346685e4393ee757871c16"}
,"C:\\JavaScript\\CLCalculator\\dist\\Modules\\Math_Operations\\OperatorsList.js": {"path":"C:\\JavaScript\\CLCalculator\\dist\\Modules\\Math_Operations\\OperatorsList.js","statementMap":{"0":{"start":{"line":2,"column":0},"end":{"line":2,"column":62}},"1":{"start":{"line":3,"column":22},"end":{"line":3,"column":52}},"2":{"start":{"line":4,"column":0},"end":{"line":4,"column":32}}},"fnMap":{},"branchMap":{},"s":{"0":1,"1":1,"2":1},"f":{},"b":{},"inputSourceMap":null,"_coverageSchema":"1a1c01bbd47fc00a2c39e90264f33305004495a9","hash":"f805a8a851cc106f33808f937b344912732eed5d"}
,"C:\\JavaScript\\CLCalculator\\dist\\Modules\\OutputProcessor\\OutputProcessor.js": {"path":"C:\\JavaScript\\CLCalculator\\dist\\Modules\\OutputProcessor\\OutputProcessor.js","statementMap":{"0":{"start":{"line":2,"column":0},"end":{"line":2,"column":62}},"1":{"start":{"line":5,"column":8},"end":{"line":5,"column":24}},"2":{"start":{"line":6,"column":8},"end":{"line":6,"column":31}},"3":{"start":{"line":9,"column":8},"end":{"line":9,"column":49}},"4":{"start":{"line":12,"column":8},"end":{"line":12,"column":39}},"5":{"start":{"line":15,"column":8},"end":{"line":15,"column":29}},"6":{"start":{"line":18,"column":8},"end":{"line":18,"column":34}},"7":{"start":{"line":21,"column":0},"end":{"line":21,"column":34}}},"fnMap":{"0":{"name":"(anonymous_0)","decl":{"start":{"line":4,"column":4},"end":{"line":4,"column":5}},"loc":{"start":{"line":4,"column":18},"end":{"line":7,"column":5}},"line":4},"1":{"name":"(anonymous_1)","decl":{"start":{"line":8,"column":4},"end":{"line":8,"column":5}},"loc":{"start":{"line":8,"column":16},"end":{"line":10,"column":5}},"line":8},"2":{"name":"(anonymous_2)","decl":{"start":{"line":11,"column":4},"end":{"line":11,"column":5}},"loc":{"start":{"line":11,"column":15},"end":{"line":13,"column":5}},"line":11},"3":{"name":"(anonymous_3)","decl":{"start":{"line":14,"column":4},"end":{"line":14,"column":5}},"loc":{"start":{"line":14,"column":22},"end":{"line":16,"column":5}},"line":14},"4":{"name":"(anonymous_4)","decl":{"start":{"line":17,"column":4},"end":{"line":17,"column":5}},"loc":{"start":{"line":17,"column":20},"end":{"line":19,"column":5}},"line":17}},"branchMap":{},"s":{"0":1,"1":4,"2":4,"3":2,"4":2,"5":1,"6":1,"7":1},"f":{"0":4,"1":2,"2":2,"3":1,"4":1},"b":{},"inputSourceMap":null,"_coverageSchema":"1a1c01bbd47fc00a2c39e90264f33305004495a9","hash":"e3598093d071810f43d7b3e26f8105aecce2efbe"}
,"C:\\JavaScript\\CLCalculator\\dist\\Modules\\Parser\\Parser.js": {"path":"C:\\JavaScript\\CLCalculator\\dist\\Modules\\Parser\\Parser.js","statementMap":{"0":{"start":{"line":2,"column":0},"end":{"line":2,"column":62}},"1":{"start":{"line":3,"column":0},"end":{"line":3,"column":24}},"2":{"start":{"line":6,"column":8},"end":{"line":6,"column":24}},"3":{"start":{"line":9,"column":8},"end":{"line":9,"column":27}},"4":{"start":{"line":12,"column":8},"end":{"line":12,"column":26}},"5":{"start":{"line":15,"column":0},"end":{"line":15,"column":24}}},"fnMap":{"0":{"name":"(anonymous_0)","decl":{"start":{"line":5,"column":4},"end":{"line":5,"column":5}},"loc":{"start":{"line":5,"column":18},"end":{"line":7,"column":5}},"line":5},"1":{"name":"(anonymous_1)","decl":{"start":{"line":8,"column":4},"end":{"line":8,"column":5}},"loc":{"start":{"line":8,"column":22},"end":{"line":10,"column":5}},"line":8},"2":{"name":"(anonymous_2)","decl":{"start":{"line":11,"column":4},"end":{"line":11,"column":5}},"loc":{"start":{"line":11,"column":16},"end":{"line":13,"column":5}},"line":11}},"branchMap":{},"s":{"0":1,"1":1,"2":1,"3":1,"4":1,"5":1},"f":{"0":1,"1":1,"2":1},"b":{},"inputSourceMap":null,"_coverageSchema":"1a1c01bbd47fc00a2c39e90264f33305004495a9","hash":"f114cd0b74dc1614584edc99bb1357638b612931"}
,"C:\\JavaScript\\CLCalculator\\src\\Modules\\InputProcessor\\InputProcessor.ts": {"path":"C:\\JavaScript\\CLCalculator\\src\\Modules\\InputProcessor\\InputProcessor.ts","statementMap":{"0":{"start":{"line":1,"column":0},"end":{"line":1,"column":37}},"1":{"start":{"line":8,"column":8},"end":{"line":8,"column":24}},"2":{"start":{"line":12,"column":31},"end":{"line":12,"column":74}},"3":{"start":{"line":13,"column":8},"end":{"line":13,"column":30}},"4":{"start":{"line":14,"column":8},"end":{"line":14,"column":26}},"5":{"start":{"line":18,"column":8},"end":{"line":18,"column":26}},"6":{"start":{"line":22,"column":8},"end":{"line":22,"column":67}},"7":{"start":{"line":22,"column":56},"end":{"line":22,"column":67}},"8":{"start":{"line":26,"column":8},"end":{"line":26,"column":27}},"9":{"start":{"line":30,"column":8},"end":{"line":30,"column":52}},"10":{"start":{"line":3,"column":0},"end":{"line":3,"column":21}}},"fnMap":{"0":{"name":"(anonymous_1)","decl":{"start":{"line":7,"column":4},"end":{"line":7,"column":null}},"loc":{"start":{"line":7,"column":4},"end":{"line":9,"column":5}}},"1":{"name":"(anonymous_2)","decl":{"start":{"line":11,"column":11},"end":{"line":11,"column":14}},"loc":{"start":{"line":11,"column":14},"end":{"line":15,"column":5}}},"2":{"name":"(anonymous_3)","decl":{"start":{"line":17,"column":11},"end":{"line":17,"column":19}},"loc":{"start":{"line":17,"column":19},"end":{"line":19,"column":5}}},"3":{"name":"(anonymous_4)","decl":{"start":{"line":21,"column":11},"end":{"line":21,"column":23}},"loc":{"start":{"line":21,"column":23},"end":{"line":23,"column":5}}},"4":{"name":"(anonymous_5)","decl":{"start":{"line":25,"column":12},"end":{"line":25,"column":20}},"loc":{"start":{"line":25,"column":34},"end":{"line":27,"column":5}}},"5":{"name":"(anonymous_6)","decl":{"start":{"line":29,"column":12},"end":{"line":29,"column":22}},"loc":{"start":{"line":29,"column":22},"end":{"line":31,"column":5}}}},"branchMap":{"0":{"loc":{"start":{"line":22,"column":8},"end":{"line":22,"column":67}},"type":"if","locations":[{"start":{"line":22,"column":8},"end":{"line":22,"column":67}}]}},"s":{"0":1,"1":5,"2":4,"3":4,"4":4,"5":3,"6":1,"7":1,"8":4,"9":4,"10":1},"f":{"0":5,"1":4,"2":3,"3":1,"4":4,"5":4},"b":{"0":[1]}}
,"C:\\JavaScript\\CLCalculator\\src\\Modules\\InputValidator\\InputValidator.ts": {"path":"C:\\JavaScript\\CLCalculator\\src\\Modules\\InputValidator\\InputValidator.ts","statementMap":{"0":{"start":{"line":1,"column":0},"end":{"line":1,"column":61}},"1":{"start":{"line":8,"column":8},"end":{"line":8,"column":24}},"2":{"start":{"line":12,"column":8},"end":{"line":12,"column":37}},"3":{"start":{"line":13,"column":8},"end":{"line":13,"column":33}},"4":{"start":{"line":14,"column":8},"end":{"line":14,"column":35}},"5":{"start":{"line":18,"column":8},"end":{"line":18,"column":26}},"6":{"start":{"line":23,"column":39},"end":{"line":23,"column":40}},"7":{"start":{"line":24,"column":56},"end":{"line":24,"column":76}},"8":{"start":{"line":25,"column":8},"end":{"line":29,"column":11}},"9":{"start":{"line":26,"column":12},"end":{"line":27,"column":36}},"10":{"start":{"line":26,"column":30},"end":{"line":26,"column":49}},"11":{"start":{"line":27,"column":17},"end":{"line":27,"column":36}},"12":{"start":{"line":28,"column":12},"end":{"line":28,"column":82}},"13":{"start":{"line":28,"column":38},"end":{"line":28,"column":82}},"14":{"start":{"line":30,"column":8},"end":{"line":32,"column":null}},"15":{"start":{"line":31,"column":12},"end":{"line":31,"column":56}},"16":{"start":{"line":34,"column":8},"end":{"line":34,"column":31}},"17":{"start":{"line":34,"column":24},"end":{"line":34,"column":31}},"18":{"start":{"line":36,"column":8},"end":{"line":41,"column":15}},"19":{"start":{"line":37,"column":12},"end":{"line":39,"column":null}},"20":{"start":{"line":38,"column":16},"end":{"line":38,"column":63}},"21":{"start":{"line":40,"column":12},"end":{"line":40,"column":27}},"22":{"start":{"line":46,"column":8},"end":{"line":53,"column":11}},"23":{"start":{"line":47,"column":54},"end":{"line":47,"column":70}},"24":{"start":{"line":48,"column":52},"end":{"line":48,"column":101}},"25":{"start":{"line":48,"column":83},"end":{"line":48,"column":100}},"26":{"start":{"line":49,"column":52},"end":{"line":49,"column":68}},"27":{"start":{"line":50,"column":12},"end":{"line":52,"column":null}},"28":{"start":{"line":51,"column":16},"end":{"line":51,"column":76}},"29":{"start":{"line":55,"column":8},"end":{"line":55,"column":31}},"30":{"start":{"line":55,"column":24},"end":{"line":55,"column":31}},"31":{"start":{"line":57,"column":39},"end":{"line":57,"column":40}},"32":{"start":{"line":58,"column":8},"end":{"line":68,"column":11}},"33":{"start":{"line":59,"column":52},"end":{"line":59,"column":101}},"34":{"start":{"line":59,"column":83},"end":{"line":59,"column":100}},"35":{"start":{"line":60,"column":12},"end":{"line":64,"column":null}},"36":{"start":{"line":61,"column":16},"end":{"line":61,"column":35}},"37":{"start":{"line":63,"column":16},"end":{"line":63,"column":37}},"38":{"start":{"line":65,"column":12},"end":{"line":67,"column":null}},"39":{"start":{"line":66,"column":16},"end":{"line":66,"column":67}},"40":{"start":{"line":73,"column":60},"end":{"line":73,"column":85}},"41":{"start":{"line":74,"column":8},"end":{"line":76,"column":null}},"42":{"start":{"line":75,"column":12},"end":{"line":75,"column":67}},"43":{"start":{"line":78,"column":57},"end":{"line":78,"column":85}},"44":{"start":{"line":79,"column":8},"end":{"line":81,"column":null}},"45":{"start":{"line":80,"column":12},"end":{"line":80,"column":67}},"46":{"start":{"line":3,"column":0},"end":{"line":3,"column":21}}},"fnMap":{"0":{"name":"(anonymous_1)","decl":{"start":{"line":7,"column":4},"end":{"line":7,"column":null}},"loc":{"start":{"line":7,"column":4},"end":{"line":9,"column":5}}},"1":{"name":"(anonymous_2)","decl":{"start":{"line":11,"column":11},"end":{"line":11,"column":19}},"loc":{"start":{"line":11,"column":33},"end":{"line":15,"column":5}}},"2":{"name":"(anonymous_3)","decl":{"start":{"line":17,"column":11},"end":{"line":17,"column":30}},"loc":{"start":{"line":17,"column":30},"end":{"line":19,"column":5}}},"3":{"name":"(anonymous_4)","decl":{"start":{"line":21,"column":12},"end":{"line":21,"column":28}},"loc":{"start":{"line":21,"column":42},"end":{"line":42,"column":5}}},"4":{"name":"(anonymous_5)","decl":{"start":{"line":25,"column":34},"end":{"line":25,"column":38}},"loc":{"start":{"line":25,"column":41},"end":{"line":29,"column":9}}},"5":{"name":"(anonymous_6)","decl":{"start":{"line":36,"column":33},"end":{"line":36,"column":34}},"loc":{"start":{"line":36,"column":67},"end":{"line":41,"column":9}}},"6":{"name":"(anonymous_7)","decl":{"start":{"line":44,"column":12},"end":{"line":44,"column":24}},"loc":{"start":{"line":44,"column":38},"end":{"line":69,"column":5}}},"7":{"name":"(anonymous_8)","decl":{"start":{"line":46,"column":34},"end":{"line":46,"column":35}},"loc":{"start":{"line":46,"column":51},"end":{"line":53,"column":9}}},"8":{"name":"(anonymous_9)","decl":{"start":{"line":48,"column":71},"end":{"line":48,"column":79}},"loc":{"start":{"line":48,"column":83},"end":{"line":48,"column":100}}},"9":{"name":"(anonymous_10)","decl":{"start":{"line":58,"column":34},"end":{"line":58,"column":35}},"loc":{"start":{"line":58,"column":51},"end":{"line":68,"column":9}}},"10":{"name":"(anonymous_11)","decl":{"start":{"line":59,"column":71},"end":{"line":59,"column":79}},"loc":{"start":{"line":59,"column":83},"end":{"line":59,"column":100}}},"11":{"name":"(anonymous_12)","decl":{"start":{"line":71,"column":12},"end":{"line":71,"column":26}},"loc":{"start":{"line":71,"column":40},"end":{"line":82,"column":5}}}},"branchMap":{"0":{"loc":{"start":{"line":26,"column":12},"end":{"line":27,"column":36}},"type":"if","locations":[{"start":{"line":26,"column":12},"end":{"line":27,"column":36}},{"start":{"line":27,"column":17},"end":{"line":27,"column":36}}]},"1":{"loc":{"start":{"line":28,"column":12},"end":{"line":28,"column":82}},"type":"if","locations":[{"start":{"line":28,"column":12},"end":{"line":28,"column":82}}]},"2":{"loc":{"start":{"line":30,"column":8},"end":{"line":32,"column":null}},"type":"if","locations":[{"start":{"line":30,"column":8},"end":{"line":32,"column":null}}]},"3":{"loc":{"start":{"line":34,"column":8},"end":{"line":34,"column":31}},"type":"if","locations":[{"start":{"line":34,"column":8},"end":{"line":34,"column":31}}]},"4":{"loc":{"start":{"line":37,"column":12},"end":{"line":39,"column":null}},"type":"if","locations":[{"start":{"line":37,"column":12},"end":{"line":39,"column":null}}]},"5":{"loc":{"start":{"line":37,"column":16},"end":{"line":37,"column":47}},"type":"binary-expr","locations":[{"start":{"line":37,"column":16},"end":{"line":37,"column":28}},{"start":{"line":37,"column":32},"end":{"line":37,"column":47}}]},"6":{"loc":{"start":{"line":50,"column":12},"end":{"line":52,"column":null}},"type":"if","locations":[{"start":{"line":50,"column":12},"end":{"line":52,"column":null}}]},"7":{"loc":{"start":{"line":50,"column":16},"end":{"line":50,"column":58}},"type":"binary-expr","locations":[{"start":{"line":50,"column":16},"end":{"line":50,"column":27}},{"start":{"line":50,"column":31},"end":{"line":50,"column":45}},{"start":{"line":50,"column":49},"end":{"line":50,"column":58}}]},"8":{"loc":{"start":{"line":55,"column":8},"end":{"line":55,"column":31}},"type":"if","locations":[{"start":{"line":55,"column":8},"end":{"line":55,"column":31}}]},"9":{"loc":{"start":{"line":60,"column":12},"end":{"line":64,"column":null}},"type":"if","locations":[{"start":{"line":60,"column":12},"end":{"line":64,"column":null}},{"start":{"line":62,"column":19},"end":{"line":64,"column":null}}]},"10":{"loc":{"start":{"line":60,"column":16},"end":{"line":60,"column":59}},"type":"binary-expr","locations":[{"start":{"line":60,"column":16},"end":{"line":60,"column":29}},{"start":{"line":60,"column":33},"end":{"line":60,"column":44}},{"start":{"line":60,"column":48},"end":{"line":60,"column":59}}]},"11":{"loc":{"start":{"line":65,"column":12},"end":{"line":67,"column":null}},"type":"if","locations":[{"start":{"line":65,"column":12},"end":{"line":67,"column":null}}]},"12":{"loc":{"start":{"line":74,"column":8},"end":{"line":76,"column":null}},"type":"if","locations":[{"start":{"line":74,"column":8},"end":{"line":76,"column":null}}]},"13":{"loc":{"start":{"line":79,"column":8},"end":{"line":81,"column":null}},"type":"if","locations":[{"start":{"line":79,"column":8},"end":{"line":81,"column":null}}]}},"s":{"0":1,"1":10,"2":9,"3":9,"4":9,"5":10,"6":9,"7":9,"8":9,"9":24,"10":12,"11":12,"12":24,"13":3,"14":9,"15":2,"16":9,"17":3,"18":6,"19":77,"20":1,"21":77,"22":9,"23":104,"24":104,"25":524,"26":104,"27":104,"28":1,"29":9,"30":5,"31":4,"32":4,"33":53,"34":277,"35":53,"36":11,"37":42,"38":53,"39":1,"40":9,"41":9,"42":1,"43":9,"44":9,"45":2,"46":1},"f":{"0":10,"1":9,"2":10,"3":9,"4":24,"5":77,"6":9,"7":104,"8":524,"9":53,"10":277,"11":9},"b":{"0":[12,12],"1":[3],"2":[2],"3":[3],"4":[1],"5":[77,6],"6":[1],"7":[104,61,13],"8":[5],"9":[11,42],"10":[53,19,15],"11":[1],"12":[1],"13":[2]}}
,"C:\\JavaScript\\CLCalculator\\src\\Modules\\Math_Operations\\OperatorsList.ts": {"path":"C:\\JavaScript\\CLCalculator\\src\\Modules\\Math_Operations\\OperatorsList.ts","statementMap":{"0":{"start":{"line":1,"column":32},"end":{"line":1,"column":62}},"1":{"start":{"line":2,"column":0},"end":{"line":2,"column":29}}},"fnMap":{},"branchMap":{},"s":{"0":1,"1":1},"f":{},"b":{}}
,"C:\\JavaScript\\CLCalculator\\src\\Modules\\OutputProcessor\\OutputProcessor.ts": {"path":"C:\\JavaScript\\CLCalculator\\src\\Modules\\OutputProcessor\\OutputProcessor.ts","statementMap":{"0":{"start":{"line":7,"column":8},"end":{"line":7,"column":24}},"1":{"start":{"line":8,"column":8},"end":{"line":8,"column":31}},"2":{"start":{"line":12,"column":8},"end":{"line":12,"column":49}},"3":{"start":{"line":16,"column":8},"end":{"line":16,"column":39}},"4":{"start":{"line":20,"column":8},"end":{"line":20,"column":29}},"5":{"start":{"line":24,"column":8},"end":{"line":24,"column":34}},"6":{"start":{"line":1,"column":0},"end":{"line":1,"column":21}}},"fnMap":{"0":{"name":"(anonymous_0)","decl":{"start":{"line":6,"column":4},"end":{"line":6,"column":null}},"loc":{"start":{"line":6,"column":4},"end":{"line":9,"column":5}}},"1":{"name":"(anonymous_1)","decl":{"start":{"line":11,"column":11},"end":{"line":11,"column":20}},"loc":{"start":{"line":11,"column":20},"end":{"line":13,"column":5}}},"2":{"name":"(anonymous_2)","decl":{"start":{"line":15,"column":11},"end":{"line":15,"column":19}},"loc":{"start":{"line":15,"column":19},"end":{"line":17,"column":5}}},"3":{"name":"(anonymous_3)","decl":{"start":{"line":19,"column":11},"end":{"line":19,"column":20}},"loc":{"start":{"line":19,"column":35},"end":{"line":21,"column":5}}},"4":{"name":"(anonymous_4)","decl":{"start":{"line":23,"column":11},"end":{"line":23,"column":19}},"loc":{"start":{"line":23,"column":33},"end":{"line":25,"column":5}}}},"branchMap":{},"s":{"0":4,"1":4,"2":2,"3":2,"4":1,"5":1,"6":1},"f":{"0":4,"1":2,"2":2,"3":1,"4":1},"b":{}}
}
