{"C:\\JavaScript\\CLCalculator\\dist\\Modules\\InputProcessor\\InputProcessor.js": {"path":"C:\\JavaScript\\CLCalculator\\dist\\Modules\\InputProcessor\\InputProcessor.js","statementMap":{"0":{"start":{"line":2,"column":22},"end":{"line":4,"column":1}},"1":{"start":{"line":3,"column":4},"end":{"line":3,"column":62}},"2":{"start":{"line":5,"column":0},"end":{"line":5,"column":62}},"3":{"start":{"line":6,"column":24},"end":{"line":6,"column":65}},"4":{"start":{"line":9,"column":8},"end":{"line":9,"column":24}},"5":{"start":{"line":12,"column":23},"end":{"line":12,"column":81}},"6":{"start":{"line":13,"column":8},"end":{"line":13,"column":30}},"7":{"start":{"line":16,"column":8},"end":{"line":16,"column":26}},"8":{"start":{"line":19,"column":8},"end":{"line":20,"column":23}},"9":{"start":{"line":20,"column":12},"end":{"line":20,"column":23}},"10":{"start":{"line":23,"column":8},"end":{"line":23,"column":27}},"11":{"start":{"line":26,"column":0},"end":{"line":26,"column":33}}},"fnMap":{"0":{"name":"(anonymous_0)","decl":{"start":{"line":2,"column":56},"end":{"line":2,"column":57}},"loc":{"start":{"line":2,"column":71},"end":{"line":4,"column":1}},"line":2},"1":{"name":"(anonymous_1)","decl":{"start":{"line":8,"column":4},"end":{"line":8,"column":5}},"loc":{"start":{"line":8,"column":18},"end":{"line":10,"column":5}},"line":8},"2":{"name":"(anonymous_2)","decl":{"start":{"line":11,"column":4},"end":{"line":11,"column":5}},"loc":{"start":{"line":11,"column":10},"end":{"line":14,"column":5}},"line":11},"3":{"name":"(anonymous_3)","decl":{"start":{"line":15,"column":4},"end":{"line":15,"column":5}},"loc":{"start":{"line":15,"column":15},"end":{"line":17,"column":5}},"line":15},"4":{"name":"(anonymous_4)","decl":{"start":{"line":18,"column":4},"end":{"line":18,"column":5}},"loc":{"start":{"line":18,"column":19},"end":{"line":21,"column":5}},"line":18},"5":{"name":"(anonymous_5)","decl":{"start":{"line":22,"column":4},"end":{"line":22,"column":5}},"loc":{"start":{"line":22,"column":20},"end":{"line":24,"column":5}},"line":22}},"branchMap":{"0":{"loc":{"start":{"line":2,"column":22},"end":{"line":4,"column":1}},"type":"binary-expr","locations":[{"start":{"line":2,"column":23},"end":{"line":2,"column":27}},{"start":{"line":2,"column":31},"end":{"line":2,"column":51}},{"start":{"line":2,"column":56},"end":{"line":4,"column":1}}],"line":2},"1":{"loc":{"start":{"line":3,"column":11},"end":{"line":3,"column":61}},"type":"cond-expr","locations":[{"start":{"line":3,"column":37},"end":{"line":3,"column":40}},{"start":{"line":3,"column":43},"end":{"line":3,"column":61}}],"line":3},"2":{"loc":{"start":{"line":3,"column":12},"end":{"line":3,"column":33}},"type":"binary-expr","locations":[{"start":{"line":3,"column":12},"end":{"line":3,"column":15}},{"start":{"line":3,"column":19},"end":{"line":3,"column":33}}],"line":3},"3":{"loc":{"start":{"line":19,"column":8},"end":{"line":20,"column":23}},"type":"if","locations":[{"start":{"line":19,"column":8},"end":{"line":20,"column":23}},{"start":{},"end":{}}],"line":19}},"s":{"0":1,"1":1,"2":1,"3":1,"4":4,"5":3,"6":3,"7":2,"8":1,"9":1,"10":3,"11":1},"f":{"0":1,"1":4,"2":3,"3":2,"4":1,"5":3},"b":{"0":[1,1,1],"1":[0,1],"2":[1,1],"3":[1,0]},"inputSourceMap":null,"_coverageSchema":"1a1c01bbd47fc00a2c39e90264f33305004495a9","hash":"3a3ae5d3077ba847f12d1c979b05def6875f491e"}
,"C:\\JavaScript\\CLCalculator\\dist\\Modules\\OutputProcessor\\OutputProcessor.js": {"path":"C:\\JavaScript\\CLCalculator\\dist\\Modules\\OutputProcessor\\OutputProcessor.js","statementMap":{"0":{"start":{"line":2,"column":0},"end":{"line":2,"column":62}},"1":{"start":{"line":5,"column":8},"end":{"line":5,"column":24}},"2":{"start":{"line":6,"column":8},"end":{"line":6,"column":31}},"3":{"start":{"line":9,"column":8},"end":{"line":9,"column":49}},"4":{"start":{"line":12,"column":8},"end":{"line":12,"column":29}},"5":{"start":{"line":15,"column":8},"end":{"line":15,"column":39}},"6":{"start":{"line":18,"column":0},"end":{"line":18,"column":34}}},"fnMap":{"0":{"name":"(anonymous_0)","decl":{"start":{"line":4,"column":4},"end":{"line":4,"column":5}},"loc":{"start":{"line":4,"column":18},"end":{"line":7,"column":5}},"line":4},"1":{"name":"(anonymous_1)","decl":{"start":{"line":8,"column":4},"end":{"line":8,"column":5}},"loc":{"start":{"line":8,"column":16},"end":{"line":10,"column":5}},"line":8},"2":{"name":"(anonymous_2)","decl":{"start":{"line":11,"column":4},"end":{"line":11,"column":5}},"loc":{"start":{"line":11,"column":22},"end":{"line":13,"column":5}},"line":11},"3":{"name":"(anonymous_3)","decl":{"start":{"line":14,"column":4},"end":{"line":14,"column":5}},"loc":{"start":{"line":14,"column":15},"end":{"line":16,"column":5}},"line":14}},"branchMap":{},"s":{"0":1,"1":3,"2":3,"3":2,"4":1,"5":1,"6":1},"f":{"0":3,"1":2,"2":1,"3":1},"b":{},"inputSourceMap":null,"_coverageSchema":"1a1c01bbd47fc00a2c39e90264f33305004495a9","hash":"f4137e181dc4991a8dcec1702af82df3e3655f31"}
,"C:\\JavaScript\\CLCalculator\\dist\\Modules\\Parser\\Parser.js": {"path":"C:\\JavaScript\\CLCalculator\\dist\\Modules\\Parser\\Parser.js","statementMap":{"0":{"start":{"line":2,"column":0},"end":{"line":2,"column":62}},"1":{"start":{"line":3,"column":0},"end":{"line":3,"column":24}},"2":{"start":{"line":6,"column":8},"end":{"line":6,"column":24}},"3":{"start":{"line":9,"column":8},"end":{"line":9,"column":27}},"4":{"start":{"line":12,"column":8},"end":{"line":12,"column":26}},"5":{"start":{"line":15,"column":0},"end":{"line":15,"column":24}}},"fnMap":{"0":{"name":"(anonymous_0)","decl":{"start":{"line":5,"column":4},"end":{"line":5,"column":5}},"loc":{"start":{"line":5,"column":18},"end":{"line":7,"column":5}},"line":5},"1":{"name":"(anonymous_1)","decl":{"start":{"line":8,"column":4},"end":{"line":8,"column":5}},"loc":{"start":{"line":8,"column":22},"end":{"line":10,"column":5}},"line":8},"2":{"name":"(anonymous_2)","decl":{"start":{"line":11,"column":4},"end":{"line":11,"column":5}},"loc":{"start":{"line":11,"column":16},"end":{"line":13,"column":5}},"line":11}},"branchMap":{},"s":{"0":1,"1":1,"2":1,"3":1,"4":1,"5":1},"f":{"0":1,"1":1,"2":1},"b":{},"inputSourceMap":null,"_coverageSchema":"1a1c01bbd47fc00a2c39e90264f33305004495a9","hash":"f114cd0b74dc1614584edc99bb1357638b612931"}
,"C:\\JavaScript\\CLCalculator\\src\\Modules\\InputProcessor\\InputProcessor.ts": {"path":"C:\\JavaScript\\CLCalculator\\src\\Modules\\InputProcessor\\InputProcessor.ts","statementMap":{"0":{"start":{"line":1,"column":0},"end":{"line":1,"column":37}},"1":{"start":{"line":8,"column":8},"end":{"line":8,"column":24}},"2":{"start":{"line":12,"column":31},"end":{"line":12,"column":74}},"3":{"start":{"line":13,"column":8},"end":{"line":13,"column":30}},"4":{"start":{"line":17,"column":8},"end":{"line":17,"column":26}},"5":{"start":{"line":21,"column":8},"end":{"line":21,"column":67}},"6":{"start":{"line":21,"column":56},"end":{"line":21,"column":67}},"7":{"start":{"line":25,"column":8},"end":{"line":25,"column":27}},"8":{"start":{"line":3,"column":0},"end":{"line":3,"column":21}}},"fnMap":{"0":{"name":"(anonymous_1)","decl":{"start":{"line":7,"column":4},"end":{"line":7,"column":null}},"loc":{"start":{"line":7,"column":4},"end":{"line":9,"column":5}}},"1":{"name":"(anonymous_2)","decl":{"start":{"line":11,"column":11},"end":{"line":11,"column":14}},"loc":{"start":{"line":11,"column":14},"end":{"line":14,"column":5}}},"2":{"name":"(anonymous_3)","decl":{"start":{"line":16,"column":11},"end":{"line":16,"column":19}},"loc":{"start":{"line":16,"column":19},"end":{"line":18,"column":5}}},"3":{"name":"(anonymous_4)","decl":{"start":{"line":20,"column":11},"end":{"line":20,"column":23}},"loc":{"start":{"line":20,"column":23},"end":{"line":22,"column":5}}},"4":{"name":"(anonymous_5)","decl":{"start":{"line":24,"column":12},"end":{"line":24,"column":20}},"loc":{"start":{"line":24,"column":34},"end":{"line":26,"column":5}}}},"branchMap":{"0":{"loc":{"start":{"line":21,"column":8},"end":{"line":21,"column":67}},"type":"if","locations":[{"start":{"line":21,"column":8},"end":{"line":21,"column":67}}]}},"s":{"0":1,"1":4,"2":3,"3":3,"4":2,"5":1,"6":1,"7":3,"8":1},"f":{"0":4,"1":3,"2":2,"3":1,"4":3},"b":{"0":[1]}}
,"C:\\JavaScript\\CLCalculator\\src\\Modules\\OutputProcessor\\OutputProcessor.ts": {"path":"C:\\JavaScript\\CLCalculator\\src\\Modules\\OutputProcessor\\OutputProcessor.ts","statementMap":{"0":{"start":{"line":7,"column":8},"end":{"line":7,"column":24}},"1":{"start":{"line":8,"column":8},"end":{"line":8,"column":31}},"2":{"start":{"line":12,"column":8},"end":{"line":12,"column":49}},"3":{"start":{"line":16,"column":8},"end":{"line":16,"column":29}},"4":{"start":{"line":20,"column":8},"end":{"line":20,"column":39}},"5":{"start":{"line":1,"column":0},"end":{"line":1,"column":21}}},"fnMap":{"0":{"name":"(anonymous_0)","decl":{"start":{"line":6,"column":4},"end":{"line":6,"column":null}},"loc":{"start":{"line":6,"column":4},"end":{"line":9,"column":5}}},"1":{"name":"(anonymous_1)","decl":{"start":{"line":11,"column":11},"end":{"line":11,"column":20}},"loc":{"start":{"line":11,"column":20},"end":{"line":13,"column":5}}},"2":{"name":"(anonymous_2)","decl":{"start":{"line":15,"column":11},"end":{"line":15,"column":20}},"loc":{"start":{"line":15,"column":35},"end":{"line":17,"column":5}}},"3":{"name":"(anonymous_3)","decl":{"start":{"line":19,"column":11},"end":{"line":19,"column":19}},"loc":{"start":{"line":19,"column":19},"end":{"line":21,"column":5}}}},"branchMap":{},"s":{"0":3,"1":3,"2":2,"3":1,"4":1,"5":1},"f":{"0":3,"1":2,"2":1,"3":1},"b":{}}
}
