TN:
SF:dist\Modules\InputProcessor\InputProcessor.js
FN:2,(anonymous_0)
FN:8,(anonymous_1)
FN:11,(anonymous_2)
FN:15,(anonymous_3)
FN:18,(anonymous_4)
FN:22,(anonymous_5)
FNF:6
FNH:6
FNDA:1,(anonymous_0)
FNDA:4,(anonymous_1)
FNDA:3,(anonymous_2)
FNDA:2,(anonymous_3)
FNDA:1,(anonymous_4)
FNDA:3,(anonymous_5)
DA:2,1
DA:3,1
DA:5,1
DA:6,1
DA:9,4
DA:12,3
DA:13,3
DA:16,2
DA:19,1
DA:20,1
DA:23,3
DA:26,1
LF:12
LH:12
BRDA:2,0,0,1
BRDA:2,0,1,1
BRDA:2,0,2,1
BRDA:3,1,0,0
BRDA:3,1,1,1
BRDA:3,2,0,1
BRDA:3,2,1,1
BRDA:19,3,0,1
BRDA:19,3,1,0
BRF:9
BRH:7
end_of_record
TN:
SF:dist\Modules\OutputProcessor\OutputProcessor.js
FN:4,(anonymous_0)
FN:8,(anonymous_1)
FN:11,(anonymous_2)
FN:14,(anonymous_3)
FNF:4
FNH:4
FNDA:3,(anonymous_0)
FNDA:2,(anonymous_1)
FNDA:1,(anonymous_2)
FNDA:1,(anonymous_3)
DA:2,1
DA:5,3
DA:6,3
DA:9,2
DA:12,1
DA:15,1
DA:18,1
LF:7
LH:7
BRF:0
BRH:0
end_of_record
TN:
SF:dist\Modules\Parser\Parser.js
FN:5,(anonymous_0)
FN:8,(anonymous_1)
FN:11,(anonymous_2)
FNF:3
FNH:3
FNDA:1,(anonymous_0)
FNDA:1,(anonymous_1)
FNDA:1,(anonymous_2)
DA:2,1
DA:3,1
DA:6,1
DA:9,1
DA:12,1
DA:15,1
LF:6
LH:6
BRF:0
BRH:0
end_of_record
TN:
SF:src\Modules\InputProcessor\InputProcessor.ts
FN:7,(anonymous_1)
FN:11,(anonymous_2)
FN:16,(anonymous_3)
FN:20,(anonymous_4)
FN:24,(anonymous_5)
FNF:5
FNH:5
FNDA:4,(anonymous_1)
FNDA:3,(anonymous_2)
FNDA:2,(anonymous_3)
FNDA:1,(anonymous_4)
FNDA:3,(anonymous_5)
DA:1,1
DA:3,1
DA:8,4
DA:12,3
DA:13,3
DA:17,2
DA:21,1
DA:25,3
LF:8
LH:8
BRDA:21,0,0,1
BRF:1
BRH:1
end_of_record
TN:
SF:src\Modules\OutputProcessor\OutputProcessor.ts
FN:6,(anonymous_0)
FN:11,(anonymous_1)
FN:15,(anonymous_2)
FN:19,(anonymous_3)
FNF:4
FNH:4
FNDA:3,(anonymous_0)
FNDA:2,(anonymous_1)
FNDA:1,(anonymous_2)
FNDA:1,(anonymous_3)
DA:1,1
DA:7,3
DA:8,3
DA:12,2
DA:16,1
DA:20,1
LF:6
LH:6
BRF:0
BRH:0
end_of_record
